app/build/outputs/logs/manifest-merger-debug-report.txt
-- Merging decision tree log ---
manifest
ADDED from src\main\AndroidManifest.xml:2:1-64:12
INJECTED from src\main\AndroidManifest.xml:2:1-64:12
INJECTED from src\main\AndroidManifest.xml:2:1-64:12
INJECTED from src\main\AndroidManifest.xml:2:1-64:12
MERGED from [com.android.support:multidex:1.0.2] AndroidManifest.xml:17:1-22:12
MERGED from [net.gotev:uploadservice:2.1] AndroidManifest.xml:2:1-23:12
MERGED from [pro.appus:zoom-splash:1.0.0] AndroidManifest.xml:3:1-17:12
MERGED from [com.chaos.view:pinview:1.4.2] AndroidManifest.xml:17:1-26:12
MERGED from [com.yarolegovich:sliding-root-nav:1.1.0] AndroidManifest.xml:2:1-10:12
MERGED from [com.sdsmdg.tastytoast:tastytoast:0.1.1] AndroidManifest.xml:2:1-14:12
MERGED from [com.github.cdflynn:checkview:v1.1] AndroidManifest.xml:2:1-11:12
MERGED from [com.github.javiersantos:BottomDialogs:1.2.1] AndroidManifest.xml:2:1-11:12
MERGED from [com.github.florent37:expansionpanel:1.1.1] AndroidManifest.xml:2:1-11:12
MERGED from [com.stripe:stripe-android:8.1.0] AndroidManifest.xml:2:1-27:12
MERGED from [com.facebook.android:facebook-android-sdk:4.41.0] AndroidManifest.xml:21:1-31:12
MERGED from [com.facebook.android:facebook-login:4.41.0] AndroidManifest.xml:21:1-31:12
MERGED from [com.facebook.android:facebook-share:4.41.0] AndroidManifest.xml:21:1-31:12
MERGED from [com.facebook.android:facebook-common:4.41.0] AndroidManifest.xml:21:1-37:12
MERGED from [com.android.support:design:28.0.0] AndroidManifest.xml:17:1-24:12
MERGED from [com.android.support:appcompat-v7:28.0.0] AndroidManifest.xml:17:1-22:12
MERGED from [com.android.support.constraint:constraint-layout:1.1.2] AndroidManifest.xml:2:1-11:12
MERGED from [com.google.firebase:firebase-auth:11.6.0] AndroidManifest.xml:16:1-21:12
MERGED from [com.specyci:residemenu:1.6] AndroidManifest.xml:2:1-11:12
MERGED from [com.squareup.picasso:picasso:2.71828] AndroidManifest.xml:2:1-14:12
MERGED from [com.nispok:snackbar:2.11.0] AndroidManifest.xml:2:1-12:12
MERGED from [de.hdodenhof:circleimageview:2.2.0] AndroidManifest.xml:2:1-11:12
MERGED from [com.archit.calendar:awesome-calendar:1.1.3] AndroidManifest.xml:2:1-17:12
MERGED from [com.android.support:recyclerview-v7:28.0.0] AndroidManifest.xml:17:1-22:12
MERGED from [com.android.support:cardview-v7:28.0.0] AndroidManifest.xml:17:1-22:12
MERGED from [com.wang.avi:library:2.1.3] AndroidManifest.xml:2:1-11:12
MERGED from [com.daimajia.slider:library:1.1.5] AndroidManifest.xml:2:1-14:12
MERGED from [com.google.android.gms:play-services-base:11.6.0] AndroidManifest.xml:16:1-21:12
MERGED from [com.google.firebase:firebase-core:11.6.0] AndroidManifest.xml:2:1-6:12
MERGED from [com.google.firebase:firebase-analytics:11.6.0] AndroidManifest.xml:16:1-35:12
MERGED from [com.google.firebase:firebase-analytics-impl:11.6.0] AndroidManifest.xml:16:1-29:12
MERGED from [com.google.firebase:firebase-iid:11.6.0] AndroidManifest.xml:16:1-47:12
MERGED from [com.google.firebase:firebase-common:11.6.0] AndroidManifest.xml:2:1-8:12
MERGED from [com.google.android.gms:play-services-tasks:11.6.0] AndroidManifest.xml:2:1-5:12
MERGED from [com.google.android.gms:play-services-basement:11.6.0] AndroidManifest.xml:16:1-23:12
MERGED from [com.android.support:support-v4:28.0.0] AndroidManifest.xml:17:1-22:12
MERGED from [com.jakewharton:butterknife:9.0.0-rc1] AndroidManifest.xml:2:1-7:12
MERGED from [com.github.bassaer:chatmessageview:1.11.2] AndroidManifest.xml:2:1-17:12
MERGED from [com.amitshekhar.android:android-networking:1.0.0] AndroidManifest.xml:18:1-27:12
MERGED from [com.facebook.android:facebook-places:4.41.0] AndroidManifest.xml:21:1-31:12
MERGED from [com.facebook.android:facebook-applinks:4.41.0] AndroidManifest.xml:21:1-31:12
MERGED from [com.facebook.android:facebook-messenger:4.41.0] AndroidManifest.xml:21:1-31:12
MERGED from [com.facebook.android:facebook-marketing:4.41.0] AndroidManifest.xml:21:1-35:12
MERGED from [com.facebook.android:facebook-core:4.41.0] AndroidManifest.xml:21:1-53:12
MERGED from [com.android.support:exifinterface:27.1.0] AndroidManifest.xml:17:1-22:12
MERGED from [com.android.support:customtabs:27.0.2] AndroidManifest.xml:17:1-22:12
MERGED from [com.jakewharton:butterknife-runtime:9.0.0-rc1] AndroidManifest.xml:2:1-7:12
MERGED from [com.android.support:support-media-compat:28.0.0] AndroidManifest.xml:17:1-22:12
MERGED from [com.android.support:support-fragment:28.0.0] AndroidManifest.xml:17:1-22:12
MERGED from [com.android.support:animated-vector-drawable:28.0.0] AndroidManifest.xml:17:1-22:12
MERGED from [com.android.support:support-core-ui:28.0.0] AndroidManifest.xml:17:1-22:12
MERGED from [com.android.support:viewpager:28.0.0] AndroidManifest.xml:17:1-22:12
MERGED from [com.android.support:coordinatorlayout:28.0.0] AndroidManifest.xml:17:1-22:12
MERGED from [com.android.support:drawerlayout:28.0.0] AndroidManifest.xml:17:1-22:12
MERGED from [com.android.support:slidingpanelayout:28.0.0] AndroidManifest.xml:17:1-22:12
MERGED from [com.android.support:customview:28.0.0] AndroidManifest.xml:17:1-22:12
MERGED from [com.android.support:swiperefreshlayout:28.0.0] AndroidManifest.xml:17:1-22:12
MERGED from [com.android.support:asynclayoutinflater:28.0.0] AndroidManifest.xml:17:1-22:12
MERGED from [com.android.support:support-core-utils:28.0.0] AndroidManifest.xml:17:1-22:12
MERGED from [com.android.support:loader:28.0.0] AndroidManifest.xml:17:1-22:12
MERGED from [com.android.support:support-vector-drawable:28.0.0] AndroidManifest.xml:17:1-22:12
MERGED from [com.android.support:transition:28.0.0] AndroidManifest.xml:17:1-22:12
MERGED from [com.android.support:support-compat:28.0.0] AndroidManifest.xml:17:1-24:12
MERGED from [com.android.support:versionedparcelable:28.0.0] AndroidManifest.xml:17:1-25:12
MERGED from [com.android.support:interpolator:28.0.0] AndroidManifest.xml:17:1-22:12
MERGED from [com.android.support:cursoradapter:28.0.0] AndroidManifest.xml:17:1-22:12
MERGED from [android.arch.lifecycle:viewmodel:1.1.1] AndroidManifest.xml:17:1-22:12
MERGED from [android.arch.lifecycle:livedata:1.1.1] AndroidManifest.xml:17:1-22:12
MERGED from [android.arch.lifecycle:livedata-core:1.1.1] AndroidManifest.xml:17:1-22:12
MERGED from [android.arch.core:runtime:1.1.1] AndroidManifest.xml:17:1-22:12
MERGED from [android.arch.lifecycle:runtime:1.1.1] AndroidManifest.xml:17:1-22:12
MERGED from [com.android.support:documentfile:28.0.0] AndroidManifest.xml:17:1-22:12
MERGED from [com.android.support:localbroadcastmanager:28.0.0] AndroidManifest.xml:17:1-22:12
MERGED from [com.android.support:print:28.0.0] AndroidManifest.xml:17:1-22:12
MERGED from [com.google.firebase:firebase-auth-license:11.6.0] AndroidManifest.xml:2:1-6:12
MERGED from [com.google.android.gms:play-services-base-license:11.6.0] AndroidManifest.xml:2:1-6:12
MERGED from [com.google.android.gms:play-services-basement-license:11.6.0] AndroidManifest.xml:2:1-6:12
MERGED from [com.google.firebase:firebase-common-license:11.6.0] AndroidManifest.xml:2:1-6:12
MERGED from [com.google.android.gms:play-services-tasks-license:11.6.0] AndroidManifest.xml:2:1-6:12
MERGED from [com.google.firebase:firebase-analytics-license:11.6.0] AndroidManifest.xml:2:1-6:12
MERGED from [com.google.firebase:firebase-analytics-impl-license:11.6.0] AndroidManifest.xml:2:1-6:12
MERGED from [com.google.firebase:firebase-iid-license:11.6.0] AndroidManifest.xml:2:1-6:12
INJECTED from src\main\AndroidManifest.xml:2:1-64:12
INJECTED from src\main\AndroidManifest.xml:2:1-64:12
INJECTED from src\main\AndroidManifest.xml:2:1-64:12
	package
		ADDED from src\main\AndroidManifest.xml:3:5-32
		INJECTED from src\main\AndroidManifest.xml
		INJECTED from src\main\AndroidManifest.xml
	android:versionName
		INJECTED from src\main\AndroidManifest.xml
		ADDED from src\main\AndroidManifest.xml:2:1-64:12
		INJECTED from src\main\AndroidManifest.xml
	android:versionCode
		INJECTED from src\main\AndroidManifest.xml
		ADDED from src\main\AndroidManifest.xml:2:1-64:12
		INJECTED from src\main\AndroidManifest.xml
	xmlns:android
		ADDED from src\main\AndroidManifest.xml:2:11-69
uses-permission#android.permission.INTERNET
ADDED from src\main\AndroidManifest.xml:5:5-67
MERGED from [net.gotev:uploadservice:2.1] AndroidManifest.xml:11:5-67
MERGED from [net.gotev:uploadservice:2.1] AndroidManifest.xml:11:5-67
MERGED from [com.daimajia.slider:library:1.1.5] AndroidManifest.xml:11:5-67
MERGED from [com.daimajia.slider:library:1.1.5] AndroidManifest.xml:11:5-67
MERGED from [com.google.firebase:firebase-analytics:11.6.0] AndroidManifest.xml:20:5-66
MERGED from [com.google.firebase:firebase-analytics:11.6.0] AndroidManifest.xml:20:5-66
MERGED from [com.google.firebase:firebase-analytics-impl:11.6.0] AndroidManifest.xml:20:5-66
MERGED from [com.google.firebase:firebase-analytics-impl:11.6.0] AndroidManifest.xml:20:5-66
MERGED from [com.google.firebase:firebase-iid:11.6.0] AndroidManifest.xml:20:5-66
MERGED from [com.google.firebase:firebase-iid:11.6.0] AndroidManifest.xml:20:5-66
	android:name
		ADDED from src\main\AndroidManifest.xml:5:22-64
uses-permission#android.permission.CAMERA
ADDED from src\main\AndroidManifest.xml:6:5-65
	android:name
		ADDED from src\main\AndroidManifest.xml:6:22-62
uses-permission#android.permission.WRITE_EXTERNAL_STORAGE
ADDED from src\main\AndroidManifest.xml:7:5-81
MERGED from [net.gotev:uploadservice:2.1] AndroidManifest.xml:12:5-81
MERGED from [net.gotev:uploadservice:2.1] AndroidManifest.xml:12:5-81
MERGED from [com.daimajia.slider:library:1.1.5] AndroidManifest.xml:12:5-81
MERGED from [com.daimajia.slider:library:1.1.5] AndroidManifest.xml:12:5-81
	android:name
		ADDED from src\main\AndroidManifest.xml:7:22-78
uses-permission#android.permission.READ_EXTERNAL_STORAGE
ADDED from src\main\AndroidManifest.xml:8:5-80
	android:name
		ADDED from src\main\AndroidManifest.xml:8:22-77
application
ADDED from src\main\AndroidManifest.xml:10:5-62:19
MERGED from [net.gotev:uploadservice:2.1] AndroidManifest.xml:15:5-21:19
MERGED from [net.gotev:uploadservice:2.1] AndroidManifest.xml:15:5-21:19
MERGED from [pro.appus:zoom-splash:1.0.0] AndroidManifest.xml:12:5-15:19
MERGED from [pro.appus:zoom-splash:1.0.0] AndroidManifest.xml:12:5-15:19
MERGED from [com.chaos.view:pinview:1.4.2] AndroidManifest.xml:24:5-20
MERGED from [com.chaos.view:pinview:1.4.2] AndroidManifest.xml:24:5-20
MERGED from [com.sdsmdg.tastytoast:tastytoast:0.1.1] AndroidManifest.xml:11:5-12:19
MERGED from [com.sdsmdg.tastytoast:tastytoast:0.1.1] AndroidManifest.xml:11:5-12:19
MERGED from [com.stripe:stripe-android:8.1.0] AndroidManifest.xml:11:5-25:19
MERGED from [com.stripe:stripe-android:8.1.0] AndroidManifest.xml:11:5-25:19
MERGED from [com.facebook.android:facebook-android-sdk:4.41.0] AndroidManifest.xml:28:5-29:19
MERGED from [com.facebook.android:facebook-android-sdk:4.41.0] AndroidManifest.xml:28:5-29:19
MERGED from [com.facebook.android:facebook-login:4.41.0] AndroidManifest.xml:28:5-29:19
MERGED from [com.facebook.android:facebook-login:4.41.0] AndroidManifest.xml:28:5-29:19
MERGED from [com.facebook.android:facebook-share:4.41.0] AndroidManifest.xml:28:5-29:19
MERGED from [com.facebook.android:facebook-share:4.41.0] AndroidManifest.xml:28:5-29:19
MERGED from [com.facebook.android:facebook-common:4.41.0] AndroidManifest.xml:28:5-35:19
MERGED from [com.facebook.android:facebook-common:4.41.0] AndroidManifest.xml:28:5-35:19
MERGED from [com.android.support:design:28.0.0] AndroidManifest.xml:22:5-20
MERGED from [com.android.support:design:28.0.0] AndroidManifest.xml:22:5-20
MERGED from [com.android.support.constraint:constraint-layout:1.1.2] AndroidManifest.xml:9:5-20
MERGED from [com.android.support.constraint:constraint-layout:1.1.2] AndroidManifest.xml:9:5-20
MERGED from [com.google.firebase:firebase-auth:11.6.0] AndroidManifest.xml:19:5-20:19
MERGED from [com.google.firebase:firebase-auth:11.6.0] AndroidManifest.xml:19:5-20:19
MERGED from [com.squareup.picasso:picasso:2.71828] AndroidManifest.xml:7:5-12:19
MERGED from [com.squareup.picasso:picasso:2.71828] AndroidManifest.xml:7:5-12:19
MERGED from [com.nispok:snackbar:2.11.0] AndroidManifest.xml:10:5-20
MERGED from [com.nispok:snackbar:2.11.0] AndroidManifest.xml:10:5-20
MERGED from [de.hdodenhof:circleimageview:2.2.0] AndroidManifest.xml:9:5-20
MERGED from [de.hdodenhof:circleimageview:2.2.0] AndroidManifest.xml:9:5-20
MERGED from [com.archit.calendar:awesome-calendar:1.1.3] AndroidManifest.xml:11:5-15:19
MERGED from [com.archit.calendar:awesome-calendar:1.1.3] AndroidManifest.xml:11:5-15:19
MERGED from [com.google.android.gms:play-services-base:11.6.0] AndroidManifest.xml:18:5-20:19
MERGED from [com.google.android.gms:play-services-base:11.6.0] AndroidManifest.xml:18:5-20:19
MERGED from [com.google.firebase:firebase-core:11.6.0] AndroidManifest.xml:5:5-20
MERGED from [com.google.firebase:firebase-core:11.6.0] AndroidManifest.xml:5:5-20
MERGED from [com.google.firebase:firebase-analytics:11.6.0] AndroidManifest.xml:24:5-34:19
MERGED from [com.google.firebase:firebase-analytics:11.6.0] AndroidManifest.xml:24:5-34:19
MERGED from [com.google.firebase:firebase-analytics-impl:11.6.0] AndroidManifest.xml:24:5-28:19
MERGED from [com.google.firebase:firebase-analytics-impl:11.6.0] AndroidManifest.xml:24:5-28:19
MERGED from [com.google.firebase:firebase-iid:11.6.0] AndroidManifest.xml:29:5-46:19
MERGED from [com.google.firebase:firebase-iid:11.6.0] AndroidManifest.xml:29:5-46:19
MERGED from [com.google.firebase:firebase-common:11.6.0] AndroidManifest.xml:4:5-7:19
MERGED from [com.google.firebase:firebase-common:11.6.0] AndroidManifest.xml:4:5-7:19
MERGED from [com.google.android.gms:play-services-tasks:11.6.0] AndroidManifest.xml:4:5-19
MERGED from [com.google.android.gms:play-services-tasks:11.6.0] AndroidManifest.xml:4:5-19
MERGED from [com.google.android.gms:play-services-basement:11.6.0] AndroidManifest.xml:19:5-21:19
MERGED from [com.google.android.gms:play-services-basement:11.6.0] AndroidManifest.xml:19:5-21:19
MERGED from [com.github.bassaer:chatmessageview:1.11.2] AndroidManifest.xml:11:5-15:19
MERGED from [com.github.bassaer:chatmessageview:1.11.2] AndroidManifest.xml:11:5-15:19
MERGED from [com.facebook.android:facebook-places:4.41.0] AndroidManifest.xml:28:5-29:19
MERGED from [com.facebook.android:facebook-places:4.41.0] AndroidManifest.xml:28:5-29:19
MERGED from [com.facebook.android:facebook-applinks:4.41.0] AndroidManifest.xml:28:5-29:19
MERGED from [com.facebook.android:facebook-applinks:4.41.0] AndroidManifest.xml:28:5-29:19
MERGED from [com.facebook.android:facebook-messenger:4.41.0] AndroidManifest.xml:28:5-29:19
MERGED from [com.facebook.android:facebook-messenger:4.41.0] AndroidManifest.xml:28:5-29:19
MERGED from [com.facebook.android:facebook-marketing:4.41.0] AndroidManifest.xml:28:5-33:19
MERGED from [com.facebook.android:facebook-marketing:4.41.0] AndroidManifest.xml:28:5-33:19
MERGED from [com.facebook.android:facebook-core:4.41.0] AndroidManifest.xml:28:5-51:19
MERGED from [com.facebook.android:facebook-core:4.41.0] AndroidManifest.xml:28:5-51:19
MERGED from [com.android.support:support-compat:28.0.0] AndroidManifest.xml:22:5-94
MERGED from [com.android.support:support-compat:28.0.0] AndroidManifest.xml:22:5-94
MERGED from [com.android.support:versionedparcelable:28.0.0] AndroidManifest.xml:22:5-23:19
MERGED from [com.android.support:versionedparcelable:28.0.0] AndroidManifest.xml:22:5-23:19
MERGED from [com.google.firebase:firebase-auth-license:11.6.0] AndroidManifest.xml:5:5-20
MERGED from [com.google.firebase:firebase-auth-license:11.6.0] AndroidManifest.xml:5:5-20
MERGED from [com.google.android.gms:play-services-base-license:11.6.0] AndroidManifest.xml:5:5-20
MERGED from [com.google.android.gms:play-services-base-license:11.6.0] AndroidManifest.xml:5:5-20
MERGED from [com.google.android.gms:play-services-basement-license:11.6.0] AndroidManifest.xml:5:5-20
MERGED from [com.google.android.gms:play-services-basement-license:11.6.0] AndroidManifest.xml:5:5-20
MERGED from [com.google.firebase:firebase-common-license:11.6.0] AndroidManifest.xml:5:5-20
MERGED from [com.google.firebase:firebase-common-license:11.6.0] AndroidManifest.xml:5:5-20
MERGED from [com.google.android.gms:play-services-tasks-license:11.6.0] AndroidManifest.xml:5:5-20
MERGED from [com.google.android.gms:play-services-tasks-license:11.6.0] AndroidManifest.xml:5:5-20
MERGED from [com.google.firebase:firebase-analytics-license:11.6.0] AndroidManifest.xml:5:5-20
MERGED from [com.google.firebase:firebase-analytics-license:11.6.0] AndroidManifest.xml:5:5-20
MERGED from [com.google.firebase:firebase-analytics-impl-license:11.6.0] AndroidManifest.xml:5:5-20
MERGED from [com.google.firebase:firebase-analytics-impl-license:11.6.0] AndroidManifest.xml:5:5-20
MERGED from [com.google.firebase:firebase-iid-license:11.6.0] AndroidManifest.xml:5:5-20
MERGED from [com.google.firebase:firebase-iid-license:11.6.0] AndroidManifest.xml:5:5-20
	android:appComponentFactory
		ADDED from [com.android.support:support-compat:28.0.0] AndroidManifest.xml:22:18-91
	android:supportsRtl
		ADDED from src\main\AndroidManifest.xml:14:9-35
	android:label
		ADDED from src\main\AndroidManifest.xml:13:9-41
	android:icon
		ADDED from src\main\AndroidManifest.xml:12:9-47
	android:allowBackup
		ADDED from src\main\AndroidManifest.xml:11:9-35
	android:theme
		ADDED from src\main\AndroidManifest.xml:15:9-46
activity#com.android.khoog.SplashActivity
ADDED from src\main\AndroidManifest.xml:16:9-24:20
	android:theme
		ADDED from src\main\AndroidManifest.xml:18:13-50
	android:name
		ADDED from src\main\AndroidManifest.xml:17:13-43
intent-filter#action:name:android.intent.action.MAIN+category:name:android.intent.category.LAUNCHER
ADDED from src\main\AndroidManifest.xml:19:13-23:29
action#android.intent.action.MAIN
ADDED from src\main\AndroidManifest.xml:20:17-69
	android:name
		ADDED from src\main\AndroidManifest.xml:20:25-66
category#android.intent.category.LAUNCHER
ADDED from src\main\AndroidManifest.xml:22:17-77
	android:name
		ADDED from src\main\AndroidManifest.xml:22:27-74
activity#com.android.khoog.MainActivity
ADDED from src\main\AndroidManifest.xml:25:9-27:53
	android:theme
		ADDED from src\main\AndroidManifest.xml:27:13-50
	android:name
		ADDED from src\main\AndroidManifest.xml:26:13-41
activity#com.android.khoog.LoginActivity
ADDED from src\main\AndroidManifest.xml:28:9-51
	android:name
		ADDED from src\main\AndroidManifest.xml:28:19-48
activity#com.android.khoog.partner.step1
ADDED from src\main\AndroidManifest.xml:29:9-51
	android:name
		ADDED from src\main\AndroidManifest.xml:29:19-48
activity#com.android.khoog.RegisterPartner
ADDED from src\main\AndroidManifest.xml:30:9-53
	android:name
		ADDED from src\main\AndroidManifest.xml:30:19-50
activity#com.android.khoog.RegisterUser
ADDED from src\main\AndroidManifest.xml:31:9-50
	android:name
		ADDED from src\main\AndroidManifest.xml:31:19-47
activity#com.android.khoog.Verification
ADDED from src\main\AndroidManifest.xml:32:9-50
	android:name
		ADDED from src\main\AndroidManifest.xml:32:19-47
activity#com.android.khoog.GetStarted
ADDED from src\main\AndroidManifest.xml:33:9-48
	android:name
		ADDED from src\main\AndroidManifest.xml:33:19-45
activity#com.android.khoog.partner.step2
ADDED from src\main\AndroidManifest.xml:34:9-51
	android:name
		ADDED from src\main\AndroidManifest.xml:34:19-48
activity#com.android.khoog.Homepage
ADDED from src\main\AndroidManifest.xml:35:9-46
	android:name
		ADDED from src\main\AndroidManifest.xml:35:19-43
activity#com.android.khoog.partner.step3
ADDED from src\main\AndroidManifest.xml:36:9-51
	android:name
		ADDED from src\main\AndroidManifest.xml:36:19-48
activity#com.android.khoog.partner.step4
ADDED from src\main\AndroidManifest.xml:37:9-51
	android:name
		ADDED from src\main\AndroidManifest.xml:37:19-48
activity#com.android.khoog.partner.step5
ADDED from src\main\AndroidManifest.xml:38:9-51
	android:name
		ADDED from src\main\AndroidManifest.xml:38:19-48
activity#com.android.khoog.partner.pdf
ADDED from src\main\AndroidManifest.xml:39:9-49
	android:name
		ADDED from src\main\AndroidManifest.xml:39:19-46
activity#com.android.khoog.partner.finishRegistration
ADDED from src\main\AndroidManifest.xml:40:9-64
	android:name
		ADDED from src\main\AndroidManifest.xml:40:19-61
activity#com.android.khoog.createevent.step1
ADDED from src\main\AndroidManifest.xml:41:9-55
	android:name
		ADDED from src\main\AndroidManifest.xml:41:19-52
activity#com.android.khoog.createevent.step2
ADDED from src\main\AndroidManifest.xml:42:9-55
	android:name
		ADDED from src\main\AndroidManifest.xml:42:19-52
activity#com.android.khoog.createevent.step3
ADDED from src\main\AndroidManifest.xml:43:9-55
	android:name
		ADDED from src\main\AndroidManifest.xml:43:19-52
activity#com.android.khoog.createevent.step4
ADDED from src\main\AndroidManifest.xml:44:9-55
	android:name
		ADDED from src\main\AndroidManifest.xml:44:19-52
activity#com.android.khoog.createevent.step5
ADDED from src\main\AndroidManifest.xml:45:9-55
	android:name
		ADDED from src\main\AndroidManifest.xml:45:19-52
activity#com.android.khoog.addactivity
ADDED from src\main\AndroidManifest.xml:46:9-49
	android:name
		ADDED from src\main\AndroidManifest.xml:46:19-46
activity#com.android.khoog.addtransport
ADDED from src\main\AndroidManifest.xml:47:9-50
	android:name
		ADDED from src\main\AndroidManifest.xml:47:19-47
activity#com.android.khoog.createevent.GalleryActivity
ADDED from src\main\AndroidManifest.xml:48:9-65
	android:name
		ADDED from src\main\AndroidManifest.xml:48:19-62
activity#com.android.khoog.createevent.Bookingtype
ADDED from src\main\AndroidManifest.xml:49:9-61
	android:name
		ADDED from src\main\AndroidManifest.xml:49:19-58
activity#com.android.khoog.SuccessfullyCreate
ADDED from src\main\AndroidManifest.xml:50:9-56
	android:name
		ADDED from src\main\AndroidManifest.xml:50:19-53
activity#com.android.khoog.ShowEvent
ADDED from src\main\AndroidManifest.xml:51:9-47
	android:name
		ADDED from src\main\AndroidManifest.xml:51:19-44
activity#com.android.khoog.Dashboard
ADDED from src\main\AndroidManifest.xml:52:9-47
	android:name
		ADDED from src\main\AndroidManifest.xml:52:19-44
activity#com.android.khoog.companydashboard.Rules
ADDED from src\main\AndroidManifest.xml:53:9-60
	android:name
		ADDED from src\main\AndroidManifest.xml:53:19-57
activity#com.android.khoog.CompanyHomePage
ADDED from src\main\AndroidManifest.xml:54:9-53
	android:name
		ADDED from src\main\AndroidManifest.xml:54:19-50
activity#com.android.khoog.creditcard.CheckOutActivity
ADDED from src\main\AndroidManifest.xml:55:9-65
	android:name
		ADDED from src\main\AndroidManifest.xml:55:19-62
activity#com.android.khoog.userDashboard
ADDED from src\main\AndroidManifest.xml:56:9-59:53
	android:label
		ADDED from src\main\AndroidManifest.xml:58:13-66
	android:theme
		ADDED from src\main\AndroidManifest.xml:59:13-50
	android:name
		ADDED from src\main\AndroidManifest.xml:57:13-42
activity#com.android.khoog.CustomerSetting
ADDED from src\main\AndroidManifest.xml:60:9-53
	android:name
		ADDED from src\main\AndroidManifest.xml:60:19-50
activity#com.android.khoog.searchActivity
ADDED from src\main\AndroidManifest.xml:61:9-61
	android:name
		ADDED from src\main\AndroidManifest.xml:61:19-49
uses-sdk
INJECTED from src\main\AndroidManifest.xml reason: use-sdk injection requested
INJECTED from src\main\AndroidManifest.xml
INJECTED from src\main\AndroidManifest.xml
MERGED from [com.android.support:multidex:1.0.2] AndroidManifest.xml:20:5-43
MERGED from [com.android.support:multidex:1.0.2] AndroidManifest.xml:20:5-43
MERGED from [net.gotev:uploadservice:2.1] AndroidManifest.xml:7:5-9:41
MERGED from [net.gotev:uploadservice:2.1] AndroidManifest.xml:7:5-9:41
MERGED from [pro.appus:zoom-splash:1.0.0] AndroidManifest.xml:8:5-10:41
MERGED from [pro.appus:zoom-splash:1.0.0] AndroidManifest.xml:8:5-10:41
MERGED from [com.chaos.view:pinview:1.4.2] AndroidManifest.xml:20:5-22:41
MERGED from [com.chaos.view:pinview:1.4.2] AndroidManifest.xml:20:5-22:41
MERGED from [com.yarolegovich:sliding-root-nav:1.1.0] AndroidManifest.xml:6:5-8:41
MERGED from [com.yarolegovich:sliding-root-nav:1.1.0] AndroidManifest.xml:6:5-8:41
MERGED from [com.sdsmdg.tastytoast:tastytoast:0.1.1] AndroidManifest.xml:7:5-9:41
MERGED from [com.sdsmdg.tastytoast:tastytoast:0.1.1] AndroidManifest.xml:7:5-9:41
MERGED from [com.github.cdflynn:checkview:v1.1] AndroidManifest.xml:7:5-9:41
MERGED from [com.github.cdflynn:checkview:v1.1] AndroidManifest.xml:7:5-9:41
MERGED from [com.github.javiersantos:BottomDialogs:1.2.1] AndroidManifest.xml:7:5-9:41
MERGED from [com.github.javiersantos:BottomDialogs:1.2.1] AndroidManifest.xml:7:5-9:41
MERGED from [com.github.florent37:expansionpanel:1.1.1] AndroidManifest.xml:7:5-9:41
MERGED from [com.github.florent37:expansionpanel:1.1.1] AndroidManifest.xml:7:5-9:41
MERGED from [com.stripe:stripe-android:8.1.0] AndroidManifest.xml:7:5-9:41
MERGED from [com.stripe:stripe-android:8.1.0] AndroidManifest.xml:7:5-9:41
MERGED from [com.facebook.android:facebook-android-sdk:4.41.0] AndroidManifest.xml:24:5-26:41
MERGED from [com.facebook.android:facebook-android-sdk:4.41.0] AndroidManifest.xml:24:5-26:41
MERGED from [com.facebook.android:facebook-login:4.41.0] AndroidManifest.xml:24:5-26:41
MERGED from [com.facebook.android:facebook-login:4.41.0] AndroidManifest.xml:24:5-26:41
MERGED from [com.facebook.android:facebook-share:4.41.0] AndroidManifest.xml:24:5-26:41
MERGED from [com.facebook.android:facebook-share:4.41.0] AndroidManifest.xml:24:5-26:41
MERGED from [com.facebook.android:facebook-common:4.41.0] AndroidManifest.xml:24:5-26:41
MERGED from [com.facebook.android:facebook-common:4.41.0] AndroidManifest.xml:24:5-26:41
MERGED from [com.android.support:design:28.0.0] AndroidManifest.xml:20:5-44
MERGED from [com.android.support:design:28.0.0] AndroidManifest.xml:20:5-44
MERGED from [com.android.support:appcompat-v7:28.0.0] AndroidManifest.xml:20:5-44
MERGED from [com.android.support:appcompat-v7:28.0.0] AndroidManifest.xml:20:5-44
MERGED from [com.android.support.constraint:constraint-layout:1.1.2] AndroidManifest.xml:5:5-7:41
MERGED from [com.android.support.constraint:constraint-layout:1.1.2] AndroidManifest.xml:5:5-7:41
MERGED from [com.google.firebase:firebase-auth:11.6.0] AndroidManifest.xml:17:5-43
MERGED from [com.google.firebase:firebase-auth:11.6.0] AndroidManifest.xml:17:5-43
MERGED from [com.specyci:residemenu:1.6] AndroidManifest.xml:7:5-9:41
MERGED from [com.specyci:residemenu:1.6] AndroidManifest.xml:7:5-9:41
MERGED from [com.squareup.picasso:picasso:2.71828] AndroidManifest.xml:5:5-44
MERGED from [com.squareup.picasso:picasso:2.71828] AndroidManifest.xml:5:5-44
MERGED from [com.nispok:snackbar:2.11.0] AndroidManifest.xml:6:5-8:41
MERGED from [com.nispok:snackbar:2.11.0] AndroidManifest.xml:6:5-8:41
MERGED from [de.hdodenhof:circleimageview:2.2.0] AndroidManifest.xml:5:5-7:41
MERGED from [de.hdodenhof:circleimageview:2.2.0] AndroidManifest.xml:5:5-7:41
MERGED from [com.archit.calendar:awesome-calendar:1.1.3] AndroidManifest.xml:7:5-9:41
MERGED from [com.archit.calendar:awesome-calendar:1.1.3] AndroidManifest.xml:7:5-9:41
MERGED from [com.android.support:recyclerview-v7:28.0.0] AndroidManifest.xml:20:5-44
MERGED from [com.android.support:recyclerview-v7:28.0.0] AndroidManifest.xml:20:5-44
MERGED from [com.android.support:cardview-v7:28.0.0] AndroidManifest.xml:20:5-44
MERGED from [com.android.support:cardview-v7:28.0.0] AndroidManifest.xml:20:5-44
MERGED from [com.wang.avi:library:2.1.3] AndroidManifest.xml:7:5-9:41
MERGED from [com.wang.avi:library:2.1.3] AndroidManifest.xml:7:5-9:41
MERGED from [com.daimajia.slider:library:1.1.5] AndroidManifest.xml:7:5-9:41
MERGED from [com.daimajia.slider:library:1.1.5] AndroidManifest.xml:7:5-9:41
MERGED from [com.google.android.gms:play-services-base:11.6.0] AndroidManifest.xml:17:5-43
MERGED from [com.google.android.gms:play-services-base:11.6.0] AndroidManifest.xml:17:5-43
MERGED from [com.google.firebase:firebase-core:11.6.0] AndroidManifest.xml:4:5-43
MERGED from [com.google.firebase:firebase-core:11.6.0] AndroidManifest.xml:4:5-43
MERGED from [com.google.firebase:firebase-analytics:11.6.0] AndroidManifest.xml:17:5-43
MERGED from [com.google.firebase:firebase-analytics:11.6.0] AndroidManifest.xml:17:5-43
MERGED from [com.google.firebase:firebase-analytics-impl:11.6.0] AndroidManifest.xml:17:5-43
MERGED from [com.google.firebase:firebase-analytics-impl:11.6.0] AndroidManifest.xml:17:5-43
MERGED from [com.google.firebase:firebase-iid:11.6.0] AndroidManifest.xml:17:5-43
MERGED from [com.google.firebase:firebase-iid:11.6.0] AndroidManifest.xml:17:5-43
MERGED from [com.google.firebase:firebase-common:11.6.0] AndroidManifest.xml:3:5-43
MERGED from [com.google.firebase:firebase-common:11.6.0] AndroidManifest.xml:3:5-43
MERGED from [com.google.android.gms:play-services-tasks:11.6.0] AndroidManifest.xml:3:5-43
MERGED from [com.google.android.gms:play-services-tasks:11.6.0] AndroidManifest.xml:3:5-43
MERGED from [com.google.android.gms:play-services-basement:11.6.0] AndroidManifest.xml:17:5-43
MERGED from [com.google.android.gms:play-services-basement:11.6.0] AndroidManifest.xml:17:5-43
MERGED from [com.android.support:support-v4:28.0.0] AndroidManifest.xml:20:5-44
MERGED from [com.android.support:support-v4:28.0.0] AndroidManifest.xml:20:5-44
MERGED from [com.jakewharton:butterknife:9.0.0-rc1] AndroidManifest.xml:5:5-44
MERGED from [com.jakewharton:butterknife:9.0.0-rc1] AndroidManifest.xml:5:5-44
MERGED from [com.github.bassaer:chatmessageview:1.11.2] AndroidManifest.xml:7:5-9:41
MERGED from [com.github.bassaer:chatmessageview:1.11.2] AndroidManifest.xml:7:5-9:41
MERGED from [com.amitshekhar.android:android-networking:1.0.0] AndroidManifest.xml:23:5-25:41
MERGED from [com.amitshekhar.android:android-networking:1.0.0] AndroidManifest.xml:23:5-25:41
MERGED from [com.facebook.android:facebook-places:4.41.0] AndroidManifest.xml:24:5-26:41